<?xml version="1.0" encoding="UTF-8"?>
<!-- Generated by org.testng.reporters.JUnitXMLReporter -->
<testsuite ignored="0" hostname="DESKTOP-FUGQNF4" failures="2" tests="2" name="PetTest" time="0.816" errors="0" timestamp="2024-01-18T17:08:06 EST">
  <testcase classname="api.test.DDTests" name="testPostUser" time="0.0">
    <failure type="java.lang.RuntimeException" message="java.lang.NoSuchMethodError: &amp;apos;org.apache.commons.io.input.UnsynchronizedByteArrayInputStream$Builder org.apache.commons.io.input.UnsynchronizedByteArrayInputStream.builder()&amp;apos;">
      <![CDATA[java.lang.RuntimeException: java.lang.NoSuchMethodError: 'org.apache.commons.io.input.UnsynchronizedByteArrayInputStream$Builder org.apache.commons.io.input.UnsynchronizedByteArrayInputStream.builder()'
at java.base/java.util.ArrayList.forEach(ArrayList.java:1511)
Caused by: java.lang.NoSuchMethodError: 'org.apache.commons.io.input.UnsynchronizedByteArrayInputStream$Builder org.apache.commons.io.input.UnsynchronizedByteArrayInputStream.builder()'
at org.apache.poi.openxml4j.util.ZipArchiveFakeEntry.getInputStream(ZipArchiveFakeEntry.java:108)
at org.apache.poi.openxml4j.util.ZipInputStreamZipEntrySource.getInputStream(ZipInputStreamZipEntrySource.java:112)
at org.apache.poi.openxml4j.opc.ZipPackage.getPartsImpl(ZipPackage.java:305)
at org.apache.poi.openxml4j.opc.OPCPackage.getParts(OPCPackage.java:781)
at org.apache.poi.openxml4j.opc.OPCPackage.open(OPCPackage.java:354)
at org.apache.poi.ooxml.util.PackageHelper.open(PackageHelper.java:64)
at org.apache.poi.xssf.usermodel.XSSFWorkbook.<init>(XSSFWorkbook.java:313)
at org.apache.poi.xssf.usermodel.XSSFWorkbook.<init>(XSSFWorkbook.java:287)
at api.utilities.XLUtility.getRowCount(XLUtility.java:35)
at api.utilities.DataProviders.getAllData(DataProviders.java:25)
... 25 more
... Removed 32 stack frames]]>
    </failure>
  </testcase> <!-- testPostUser -->
  <testcase classname="api.test.DDTests" name="testDeleteUserByName" time="0.0">
    <failure type="java.lang.RuntimeException" message="java.lang.NoSuchMethodError: &amp;apos;org.apache.commons.io.input.UnsynchronizedByteArrayInputStream$Builder org.apache.commons.io.input.UnsynchronizedByteArrayInputStream.builder()&amp;apos;">
      <![CDATA[java.lang.RuntimeException: java.lang.NoSuchMethodError: 'org.apache.commons.io.input.UnsynchronizedByteArrayInputStream$Builder org.apache.commons.io.input.UnsynchronizedByteArrayInputStream.builder()'
at java.base/java.util.ArrayList.forEach(ArrayList.java:1511)
Caused by: java.lang.NoSuchMethodError: 'org.apache.commons.io.input.UnsynchronizedByteArrayInputStream$Builder org.apache.commons.io.input.UnsynchronizedByteArrayInputStream.builder()'
at org.apache.poi.openxml4j.util.ZipArchiveFakeEntry.getInputStream(ZipArchiveFakeEntry.java:108)
at org.apache.poi.openxml4j.util.ZipInputStreamZipEntrySource.getInputStream(ZipInputStreamZipEntrySource.java:112)
at org.apache.poi.openxml4j.opc.ZipPackage.getPartsImpl(ZipPackage.java:305)
at org.apache.poi.openxml4j.opc.OPCPackage.getParts(OPCPackage.java:781)
at org.apache.poi.openxml4j.opc.OPCPackage.open(OPCPackage.java:354)
at org.apache.poi.ooxml.util.PackageHelper.open(PackageHelper.java:64)
at org.apache.poi.xssf.usermodel.XSSFWorkbook.<init>(XSSFWorkbook.java:313)
at org.apache.poi.xssf.usermodel.XSSFWorkbook.<init>(XSSFWorkbook.java:287)
at api.utilities.XLUtility.getRowCount(XLUtility.java:35)
at api.utilities.DataProviders.getUserNames(DataProviders.java:42)
... 25 more
... Removed 32 stack frames]]>
    </failure>
  </testcase> <!-- testDeleteUserByName -->
</testsuite> <!-- PetTest -->
